<?xml version="1.0" encoding="UTF-8"?>
<!-- Generated by org.testng.reporters.JUnitReportReporter -->
<testsuite hostname="DESKTOP-7UIQ5ON" failures="0" tests="2" name="com.qa.opencart.tests.LoginPageTest" time="0.048" errors="0" timestamp="14 Jan 2023 11:01:46 GMT" skipped="1">
  <testcase classname="com.qa.opencart.tests.LoginPageTest" name="loginpageTitleTest" time="0.048"/>
  <testcase classname="com.qa.opencart.tests.LoginPageTest" name="loginPageFooterTest">
    <skipped/>
  </testcase> <!-- loginPageFooterTest -->
</testsuite> <!-- com.qa.opencart.tests.LoginPageTest -->
