<?xml version="1.0" encoding="UTF-8"?>
<!-- Generated by org.testng.reporters.JUnitReportReporter -->
<testsuite hostname="DESKTOP-7UIQ5ON" failures="0" tests="1" name="com.qa.opencart.tests.MyAcountPageTest" time="0.032" errors="0" timestamp="14 Jan 2023 11:01:46 GMT" skipped="0">
  <testcase classname="com.qa.opencart.tests.MyAcountPageTest" name="MyAcountPageChechTitle" time="0.032"/>
</testsuite> <!-- com.qa.opencart.tests.MyAcountPageTest -->
