<?xml version="1.0" encoding="UTF-8"?>
<!-- Generated by org.testng.reporters.JUnitReportReporter -->
<testsuite skipped="0" hostname="DESKTOP-7UIQ5ON" name="com.qa.opencart.tests.MyAcountPageTest" tests="1" failures="0" timestamp="06 Jan 2023 15:20:11 GMT" time="0.019" errors="0">
  <testcase name="MyAcountPageChechTitle" time="0.019" classname="com.qa.opencart.tests.MyAcountPageTest"/>
</testsuite> <!-- com.qa.opencart.tests.MyAcountPageTest -->
