<?xml version="1.0" encoding="UTF-8"?>
<!-- Generated by org.testng.reporters.JUnitReportReporter -->
<testsuite skipped="0" hostname="DESKTOP-7UIQ5ON" name="com.qa.opencart.tests.LoginPageTest" tests="1" failures="0" timestamp="06 Jan 2023 15:20:11 GMT" time="0.956" errors="0">
  <testcase name="loginpageTitleTest" time="0.956" classname="com.qa.opencart.tests.LoginPageTest"/>
</testsuite> <!-- com.qa.opencart.tests.LoginPageTest -->
